# JRE version: Java(TM) SE Runtime Environment (17.0.13+10) (build 17.0.13+10-LTS-268)
# Java VM: Java HotSpot(TM) 64-Bit Server VM (17.0.13+10-LTS-268, mixed mode, sharing, tiered, compressed oops, compressed class ptrs, g1 gc, windows-amd64)
GC Precious Log:
 CPUs: 16 total, 16 available
 Memory: 16059M
 Large Page Support: Disabled
 NUMA Support: Disabled
 Compressed Oops: Enabled (32-bit)
 Heap Region Size: 1M
 Heap Min Capacity: 8M
 Heap Initial Capacity: 252M
 Heap Max Capacity: 1G
 Pre-touch: Disabled
 Parallel Workers: 13
 Concurrent Workers: 3
 Concurrent Refinement Workers: 13
 Periodic GC: Disabled
Heap:
 garbage-first heap   total 92160K, used 46818K [0x00000000c0000000, 0x0000000100000000)
  region size 1024K, 4 young (4096K), 4 survivors (4096K)
 Metaspace       used 51580K, committed 52096K, reserved 1114112K
  class space    used 6493K, committed 6720K, reserved 1048576K
GC Heap History (19 events):
Event: 0.540 GC heap before
{Heap before GC invocations=0 (full 0):
 garbage-first heap   total 258048K, used 32768K [0x00000000c0000000, 0x0000000100000000)
  region size 1024K, 23 young (23552K), 0 survivors (0K)
 Metaspace       used 3199K, committed 3328K, reserved 1114112K
  class space    used 235K, committed 320K, reserved 1048576K
}
Event: 0.545 GC heap after
{Heap after GC invocations=1 (full 0):
 garbage-first heap   total 258048K, used 22513K [0x00000000c0000000, 0x0000000100000000)
  region size 1024K, 3 young (3072K), 3 survivors (3072K)
 Metaspace       used 3199K, committed 3328K, reserved 1114112K
  class space    used 235K, committed 320K, reserved 1048576K
}
Event: 1.097 GC heap before
{Heap before GC invocations=1 (full 0):
 garbage-first heap   total 258048K, used 42993K [0x00000000c0000000, 0x0000000100000000)
  region size 1024K, 23 young (23552K), 3 survivors (3072K)
 Metaspace       used 9718K, committed 9920K, reserved 1114112K
  class space    used 1327K, committed 1408K, reserved 1048576K
}
Event: 1.099 GC heap after
{Heap after GC invocations=2 (full 0):
 garbage-first heap   total 258048K, used 23967K [0x00000000c0000000, 0x0000000100000000)
  region size 1024K, 2 young (2048K), 2 survivors (2048K)
 Metaspace       used 9718K, committed 9920K, reserved 1114112K
  class space    used 1327K, committed 1408K, reserved 1048576K
}
Event: 2.055 GC heap before
{Heap before GC invocations=2 (full 0):
 garbage-first heap   total 258048K, used 56735K [0x00000000c0000000, 0x0000000100000000)
  region size 1024K, 35 young (35840K), 2 survivors (2048K)
 Metaspace       used 21342K, committed 21504K, reserved 1114112K
  class space    used 2932K, committed 3008K, reserved 1048576K
}
Event: 2.060 GC heap after
{Heap after GC invocations=3 (full 0):
 garbage-first heap   total 258048K, used 27537K [0x00000000c0000000, 0x0000000100000000)
  region size 1024K, 5 young (5120K), 5 survivors (5120K)
 Metaspace       used 21342K, committed 21504K, reserved 1114112K
  class space    used 2932K, committed 3008K, reserved 1048576K
}
Event: 2.702 GC heap before
{Heap before GC invocations=4 (full 0):
 garbage-first heap   total 92160K, used 70545K [0x00000000c0000000, 0x0000000100000000)
  region size 1024K, 49 young (50176K), 5 survivors (5120K)
 Metaspace       used 23236K, committed 23552K, reserved 1114112K
  class space    used 3058K, committed 3200K, reserved 1048576K
}
Event: 2.709 GC heap after
{Heap after GC invocations=5 (full 0):
 garbage-first heap   total 92160K, used 30676K [0x00000000c0000000, 0x0000000100000000)
  region size 1024K, 4 young (4096K), 4 survivors (4096K)
 Metaspace       used 23236K, committed 23552K, reserved 1114112K
  class space    used 3058K, committed 3200K, reserved 1048576K
}
Event: 3.009 GC heap before
{Heap before GC invocations=5 (full 0):
 garbage-first heap   total 92160K, used 60372K [0x00000000c0000000, 0x0000000100000000)
  region size 1024K, 33 young (33792K), 4 survivors (4096K)
 Metaspace       used 23406K, committed 23680K, reserved 1114112K
  class space    used 3061K, committed 3200K, reserved 1048576K
}
Event: 3.014 GC heap after
{Heap after GC invocations=6 (full 0):
 garbage-first heap   total 92160K, used 31652K [0x00000000c0000000, 0x0000000100000000)
  region size 1024K, 2 young (2048K), 2 survivors (2048K)
 Metaspace       used 23406K, committed 23680K, reserved 1114112K
  class space    used 3061K, committed 3200K, reserved 1048576K
}
Event: 4.178 GC heap before
{Heap before GC invocations=6 (full 0):
 garbage-first heap   total 92160K, used 64420K [0x00000000c0000000, 0x0000000100000000)
  region size 1024K, 34 young (34816K), 2 survivors (2048K)
 Metaspace       used 27966K, committed 28288K, reserved 1114112K
  class space    used 3551K, committed 3712K, reserved 1048576K
}
Event: 4.182 GC heap after
{Heap after GC invocations=7 (full 0):
 garbage-first heap   total 92160K, used 32246K [0x00000000c0000000, 0x0000000100000000)
  region size 1024K, 2 young (2048K), 2 survivors (2048K)
 Metaspace       used 27966K, committed 28288K, reserved 1114112K
  class space    used 3551K, committed 3712K, reserved 1048576K
}
Event: 7.147 GC heap before
{Heap before GC invocations=7 (full 0):
 garbage-first heap   total 92160K, used 68086K [0x00000000c0000000, 0x0000000100000000)
  region size 1024K, 33 young (33792K), 2 survivors (2048K)
 Metaspace       used 35627K, committed 35968K, reserved 1114112K
  class space    used 4500K, committed 4672K, reserved 1048576K
}
Event: 7.150 GC heap after
{Heap after GC invocations=8 (full 0):
 garbage-first heap   total 92160K, used 42933K [0x00000000c0000000, 0x0000000100000000)
  region size 1024K, 5 young (5120K), 5 survivors (5120K)
 Metaspace       used 35627K, committed 35968K, reserved 1114112K
  class space    used 4500K, committed 4672K, reserved 1048576K
}
Event: 10.135 GC heap before
{Heap before GC invocations=9 (full 0):
 garbage-first heap   total 92160K, used 67509K [0x00000000c0000000, 0x0000000100000000)
  region size 1024K, 30 young (30720K), 5 survivors (5120K)
 Metaspace       used 41662K, committed 42048K, reserved 1114112K
  class space    used 5316K, committed 5440K, reserved 1048576K
}
Event: 10.140 GC heap after
{Heap after GC invocations=10 (full 0):
 garbage-first heap   total 92160K, used 44869K [0x00000000c0000000, 0x0000000100000000)
  region size 1024K, 2 young (2048K), 2 survivors (2048K)
 Metaspace       used 41662K, committed 42048K, reserved 1114112K
  class space    used 5316K, committed 5440K, reserved 1048576K
}
Event: 42.180 GC heap before
{Heap before GC invocations=10 (full 0):
 garbage-first heap   total 92160K, used 69445K [0x00000000c0000000, 0x0000000100000000)
  region size 1024K, 27 young (27648K), 2 survivors (2048K)
 Metaspace       used 46732K, committed 47104K, reserved 1114112K
  class space    used 5922K, committed 6080K, reserved 1048576K
}
Event: 42.184 GC heap after
{Heap after GC invocations=11 (full 0):
 garbage-first heap   total 92160K, used 46206K [0x00000000c0000000, 0x0000000100000000)
  region size 1024K, 4 young (4096K), 4 survivors (4096K)
 Metaspace       used 46732K, committed 47104K, reserved 1114112K
  class space    used 5922K, committed 6080K, reserved 1048576K
}
Event: 43.003 GC heap before
{Heap before GC invocations=12 (full 0):
 garbage-first heap   total 92160K, used 68734K [0x00000000c0000000, 0x0000000100000000)
  region size 1024K, 28 young (28672K), 4 survivors (4096K)
 Metaspace       used 51580K, committed 52096K, reserved 1114112K
  class space    used 6493K, committed 6720K, reserved 1048576K
}

