# JRE version: Java(TM) SE Runtime Environment (17.0.13+10) (build 17.0.13+10-LTS-268)
# Java VM: Java HotSpot(TM) 64-Bit Server VM (17.0.13+10-LTS-268, mixed mode, sharing, tiered, compressed oops, compressed class ptrs, g1 gc, windows-amd64)
GC Precious Log:
 CPUs: 16 total, 16 available
 Memory: 16059M
 Large Page Support: Disabled
 NUMA Support: Disabled
 Compressed Oops: Enabled (32-bit)
 Heap Region Size: 1M
 Heap Min Capacity: 8M
 Heap Initial Capacity: 252M
 Heap Max Capacity: 1G
 Pre-touch: Disabled
 Parallel Workers: 13
 Concurrent Workers: 3
 Concurrent Refinement Workers: 13
 Periodic GC: Disabled
Heap:
 garbage-first heap   total 96256K, used 72503K [0x00000000c0000000, 0x0000000100000000)
  region size 1024K, 32 young (32768K), 4 survivors (4096K)
 Metaspace       used 52532K, committed 52992K, reserved 1114112K
  class space    used 6577K, committed 6784K, reserved 1048576K
GC Heap History (20 events):
Event: 0.628 GC heap before
{Heap before GC invocations=0 (full 0):
 garbage-first heap   total 258048K, used 32768K [0x00000000c0000000, 0x0000000100000000)
  region size 1024K, 23 young (23552K), 0 survivors (0K)
 Metaspace       used 3201K, committed 3328K, reserved 1114112K
  class space    used 235K, committed 320K, reserved 1048576K
}
Event: 0.633 GC heap after
{Heap after GC invocations=1 (full 0):
 garbage-first heap   total 258048K, used 22102K [0x00000000c0000000, 0x0000000100000000)
  region size 1024K, 3 young (3072K), 3 survivors (3072K)
 Metaspace       used 3201K, committed 3328K, reserved 1114112K
  class space    used 235K, committed 320K, reserved 1048576K
}
Event: 1.362 GC heap before
{Heap before GC invocations=1 (full 0):
 garbage-first heap   total 258048K, used 42582K [0x00000000c0000000, 0x0000000100000000)
  region size 1024K, 23 young (23552K), 3 survivors (3072K)
 Metaspace       used 9785K, committed 9920K, reserved 1114112K
  class space    used 1338K, committed 1408K, reserved 1048576K
}
Event: 1.365 GC heap after
{Heap after GC invocations=2 (full 0):
 garbage-first heap   total 258048K, used 24017K [0x00000000c0000000, 0x0000000100000000)
  region size 1024K, 2 young (2048K), 2 survivors (2048K)
 Metaspace       used 9785K, committed 9920K, reserved 1114112K
  class space    used 1338K, committed 1408K, reserved 1048576K
}
Event: 2.516 GC heap before
{Heap before GC invocations=2 (full 0):
 garbage-first heap   total 258048K, used 56785K [0x00000000c0000000, 0x0000000100000000)
  region size 1024K, 35 young (35840K), 2 survivors (2048K)
 Metaspace       used 21337K, committed 21504K, reserved 1114112K
  class space    used 2931K, committed 3008K, reserved 1048576K
}
Event: 2.523 GC heap after
{Heap after GC invocations=3 (full 0):
 garbage-first heap   total 258048K, used 27542K [0x00000000c0000000, 0x0000000100000000)
  region size 1024K, 5 young (5120K), 5 survivors (5120K)
 Metaspace       used 21337K, committed 21504K, reserved 1114112K
  class space    used 2931K, committed 3008K, reserved 1048576K
}
Event: 3.664 GC heap before
{Heap before GC invocations=4 (full 0):
 garbage-first heap   total 96256K, used 74646K [0x00000000c0000000, 0x0000000100000000)
  region size 1024K, 52 young (53248K), 5 survivors (5120K)
 Metaspace       used 23280K, committed 23552K, reserved 1114112K
  class space    used 3058K, committed 3200K, reserved 1048576K
}
Event: 3.674 GC heap after
{Heap after GC invocations=5 (full 0):
 garbage-first heap   total 96256K, used 30959K [0x00000000c0000000, 0x0000000100000000)
  region size 1024K, 7 young (7168K), 7 survivors (7168K)
 Metaspace       used 23280K, committed 23552K, reserved 1114112K
  class space    used 3058K, committed 3200K, reserved 1048576K
}
Event: 3.694 GC heap before
{Heap before GC invocations=5 (full 0):
 garbage-first heap   total 96256K, used 31983K [0x00000000c0000000, 0x0000000100000000)
  region size 1024K, 8 young (8192K), 7 survivors (7168K)
 Metaspace       used 23280K, committed 23552K, reserved 1114112K
  class space    used 3058K, committed 3200K, reserved 1048576K
}
Event: 3.705 GC heap after
{Heap after GC invocations=6 (full 0):
 garbage-first heap   total 96256K, used 30708K [0x00000000c0000000, 0x0000000100000000)
  region size 1024K, 1 young (1024K), 1 survivors (1024K)
 Metaspace       used 23280K, committed 23552K, reserved 1114112K
  class space    used 3058K, committed 3200K, reserved 1048576K
}
Event: 4.234 GC heap before
{Heap before GC invocations=6 (full 0):
 garbage-first heap   total 96256K, used 62452K [0x00000000c0000000, 0x0000000100000000)
  region size 1024K, 32 young (32768K), 1 survivors (1024K)
 Metaspace       used 23522K, committed 23744K, reserved 1114112K
  class space    used 3071K, committed 3200K, reserved 1048576K
}
Event: 4.238 GC heap after
{Heap after GC invocations=7 (full 0):
 garbage-first heap   total 96256K, used 30832K [0x00000000c0000000, 0x0000000100000000)
  region size 1024K, 1 young (1024K), 1 survivors (1024K)
 Metaspace       used 23522K, committed 23744K, reserved 1114112K
  class space    used 3071K, committed 3200K, reserved 1048576K
}
Event: 7.259 GC heap before
{Heap before GC invocations=7 (full 0):
 garbage-first heap   total 96256K, used 72816K [0x00000000c0000000, 0x0000000100000000)
  region size 1024K, 36 young (36864K), 1 survivors (1024K)
 Metaspace       used 30165K, committed 30528K, reserved 1114112K
  class space    used 3830K, committed 4032K, reserved 1048576K
}
Event: 7.262 GC heap after
{Heap after GC invocations=8 (full 0):
 garbage-first heap   total 96256K, used 40117K [0x00000000c0000000, 0x0000000100000000)
  region size 1024K, 4 young (4096K), 4 survivors (4096K)
 Metaspace       used 30165K, committed 30528K, reserved 1114112K
  class space    used 3830K, committed 4032K, reserved 1048576K
}
Event: 7.995 GC heap before
{Heap before GC invocations=8 (full 0):
 garbage-first heap   total 96256K, used 60597K [0x00000000c0000000, 0x0000000100000000)
  region size 1024K, 25 young (25600K), 4 survivors (4096K)
 Metaspace       used 35927K, committed 36288K, reserved 1114112K
  class space    used 4547K, committed 4736K, reserved 1048576K
}
Event: 7.999 GC heap after
{Heap after GC invocations=9 (full 0):
 garbage-first heap   total 96256K, used 42785K [0x00000000c0000000, 0x0000000100000000)
  region size 1024K, 3 young (3072K), 3 survivors (3072K)
 Metaspace       used 35927K, committed 36288K, reserved 1114112K
  class space    used 4547K, committed 4736K, reserved 1048576K
}
Event: 8.866 GC heap before
{Heap before GC invocations=10 (full 0):
 garbage-first heap   total 96256K, used 69409K [0x00000000c0000000, 0x0000000100000000)
  region size 1024K, 30 young (30720K), 3 survivors (3072K)
 Metaspace       used 41792K, committed 42176K, reserved 1114112K
  class space    used 5338K, committed 5568K, reserved 1048576K
}
Event: 8.871 GC heap after
{Heap after GC invocations=11 (full 0):
 garbage-first heap   total 96256K, used 44609K [0x00000000c0000000, 0x0000000100000000)
  region size 1024K, 2 young (2048K), 2 survivors (2048K)
 Metaspace       used 41792K, committed 42176K, reserved 1114112K
  class space    used 5338K, committed 5568K, reserved 1048576K
}
Event: 12.721 GC heap before
{Heap before GC invocations=11 (full 0):
 garbage-first heap   total 96256K, used 72257K [0x00000000c0000000, 0x0000000100000000)
  region size 1024K, 30 young (30720K), 2 survivors (2048K)
 Metaspace       used 48015K, committed 48448K, reserved 1114112K
  class space    used 6048K, committed 6208K, reserved 1048576K
}
Event: 12.724 GC heap after
{Heap after GC invocations=12 (full 0):
 garbage-first heap   total 96256K, used 45879K [0x00000000c0000000, 0x0000000100000000)
  region size 1024K, 4 young (4096K), 4 survivors (4096K)
 Metaspace       used 48015K, committed 48448K, reserved 1114112K
  class space    used 6048K, committed 6208K, reserved 1048576K
}

